#
# A fatal error has been detected by the Java Runtime Environment:
#
#  EXCEPTION_ACCESS_VIOLATION (0xc0000005) at pc=0x00000001800023d0, pid=84496, tid=0x0000000000002da4
#
# JRE version: Java(TM) SE Runtime Environment (8.0_261-b12) (build 1.8.0_261-b12)
# Java VM: Java HotSpot(TM) 64-Bit Server VM (25.261-b12 mixed mode windows-amd64 compressed oops)
# Problematic frame:
# C  0x00000001800023d0
#
# Failed to write core dump. Minidumps are not enabled by default on client versions of Windows
#
# If you would like to submit a bug report, please visit:
#   http://bugreport.java.com/bugreport/crash.jsp
# The crash happened outside the Java Virtual Machine in native code.
# See problematic frame for where to report the bug.
#

---------------  T H R E A D  ---------------

Current thread (0x000001be886aa000):  JavaThread "main" [_thread_in_native, id=11684, stack(0x000000b7bb700000,0x000000b7bb800000)]

siginfo: ExceptionCode=0xc0000005, ExceptionInformation=0x0000000000000008 0x00000001800023d0

Registers:
RAX=0x00000001800023d0, RBX=0x000001bee6ac8850, RCX=0x000001be886aa1f8, RDX=0x000000b7bb7feec8
RSP=0x000000b7bb7fee18, RBP=0x000000b7bb7fee98, RSI=0x00000000f80022be, RDI=0x00000003c5a224d8
R8 =0x0000000000000001, R9 =0x000000b7bb7feeb8, R10=0x000001be8a054c1b, R11=0x0000000075179e30
R12=0x0000000000000000, R13=0x000001bee6ac8850, R14=0x000000b7bb7feec8, R15=0x000001be886aa000
RIP=0x00000001800023d0, EFLAGS=0x0000000000010206

Top of Stack: (sp=0x000000b7bb7fee18)
0x000000b7bb7fee18:   000001be8a054c47 000000b7bb7fee78
0x000000b7bb7fee28:   000001be8a037e80 0000000000000001
0x000000b7bb7fee38:   000000b7bb7fee38 000001bec6934aaf
0x000000b7bb7fee48:   000000b7bb7fee90 000001bec6934f98
0x000000b7bb7fee58:   000000b7bb7fee58 0000000000000000
0x000000b7bb7fee68:   000000b7bb7feec8 000001bee6ac9b18
0x000000b7bb7fee78:   0000000000000000 000001bee6ac8850
0x000000b7bb7fee88:   0000000000000000 000000b7bb7feeb8
0x000000b7bb7fee98:   000000b7bb7fef20 000001be8a037e80
0x000000b7bb7feea8:   0000000000000000 000001be8a0496f6
0x000000b7bb7feeb8:   000000066f214378 0000000000000001
0x000000b7bb7feec8:   00000003c58c8ed8 000000066f2143b0
0x000000b7bb7feed8:   000000066f2143b0 000000b7bb7feee0
0x000000b7bb7feee8:   000001bee6ac7cc5 000000b7bb7fef68
0x000000b7bb7feef8:   000001bee6ac9b18 0000000000000000
0x000000b7bb7fef08:   000001bee6ac80a8 000000b7bb7feeb8 

Instructions: (pc=0x00000001800023d0)
0x00000001800023b0:   
[error occurred during error reporting (printing registers, top of stack, instructions near pc), id 0xc0000005]

Register to memory mapping:

RAX=0x00000001800023d0 is an unknown value
RBX={method} {0x000001bee6ac8858} 'invokeInt' '(I[Ljava/lang/Object;)I' in 'com/sun/jna/Function'
RCX=0x000001be886aa1f8 is an unknown value
RDX=0x000000b7bb7feec8 is pointing into the stack for thread: 0x000001be886aa000
RSP=0x000000b7bb7fee18 is pointing into the stack for thread: 0x000001be886aa000
RBP=0x000000b7bb7fee98 is pointing into the stack for thread: 0x000001be886aa000
RSI=0x00000000f80022be is an unknown value
RDI=0x00000003c5a224d8 is an oop
java.util.WeakHashMap$Entry 
 - klass: 'java/util/WeakHashMap$Entry'
R8 =0x0000000000000001 is an unknown value
R9 =0x000000b7bb7feeb8 is pointing into the stack for thread: 0x000001be886aa000
R10=0x000001be8a054c1b is at code_begin+1915 in an Interpreter codelet
method entry point (kind = native)  [0x000001be8a0544a0, 0x000001be8a055780]  4832 bytes
R11=0x0000000075179e30 is an unknown value
R12=0x0000000000000000 is an unknown value
R13={method} {0x000001bee6ac8858} 'invokeInt' '(I[Ljava/lang/Object;)I' in 'com/sun/jna/Function'
R14=0x000000b7bb7feec8 is pointing into the stack for thread: 0x000001be886aa000
R15=0x000001be886aa000 is a thread


Stack: [0x000000b7bb700000,0x000000b7bb800000],  sp=0x000000b7bb7fee18,  free space=1019k
Native frames: (J=compiled Java code, j=interpreted, Vv=VM code, C=native code)
C  0x00000001800023d0

Java frames: (J=compiled Java code, j=interpreted, Vv=VM code)
j  com.sun.jna.Function.invokeInt(I[Ljava/lang/Object;)I+0
j  com.sun.jna.Function.invoke([Ljava/lang/Object;Ljava/lang/Class;)Ljava/lang/Object;+309
j  com.sun.jna.Function.invoke(Ljava/lang/Class;[Ljava/lang/Object;Ljava/util/Map;)Ljava/lang/Object;+194
j  com.sun.jna.Library$Handler.invoke(Ljava/lang/Object;Ljava/lang/reflect/Method;[Ljava/lang/Object;)Ljava/lang/Object;+344
j  com.sun.proxy.$Proxy139.ZBX_Connected(Lcom/sun/jna/ptr/IntByReference;)I+16
j  com.barrett.facedetectservice.util.SiChuanEntranceControl.getHistoryDataBySequence(Lcom/sun/jna/ptr/IntByReference;I)Lcom/barrett/facedetectservice/libFaceRecognition$FaceRecoInfo;+4
j  com.barrett.facedetectservice.util.SiChuanEntranceControl.getHistoryDateFromAllDevices(Ljava/lang/String;Ljava/lang/String;)V+116
j  com.barrett.facedetectservice.FaceDetectServiceApplication.main([Ljava/lang/String;)V+886
v  ~StubRoutines::call_stub

---------------  P R O C E S S  ---------------

Java Threads: ( => current thread )
  0x000001bec5910000 JavaThread "SpringContextShutdownHook" [_thread_blocked, id=20544, stack(0x000000b7bdc00000,0x000000b7bdd00000)]
  0x000001bec5913000 JavaThread "SIGINT handler" daemon [_thread_blocked, id=81824, stack(0x000000b7bb600000,0x000000b7bb700000)]
  0x000001bec590f000 JavaThread "Java2D Disposer" daemon [_thread_blocked, id=91768, stack(0x000000b7bb500000,0x000000b7bb600000)]
  0x000001bec5916000 JavaThread "DiscoveryClient-HeartbeatExecutor-0" daemon [_thread_blocked, id=90260, stack(0x000000b7c0ec0000,0x000000b7c0fc0000)]
  0x000001bec5915000 JavaThread "DiscoveryClient-CacheRefreshExecutor-0" daemon [_thread_blocked, id=19052, stack(0x000000b7c0dc0000,0x000000b7c0ec0000)]
  0x000001bec5e82800 JavaThread "http-nio-60101-Acceptor" daemon [_thread_in_native, id=93012, stack(0x000000b7c0500000,0x000000b7c0600000)]
  0x000001bec5e87000 JavaThread "http-nio-60101-ClientPoller" daemon [_thread_in_native, id=83632, stack(0x000000b7c0400000,0x000000b7c0500000)]
  0x000001bec5e84000 JavaThread "http-nio-60101-exec-10" daemon [_thread_blocked, id=64396, stack(0x000000b7c0300000,0x000000b7c0400000)]
  0x000001bec5e83800 JavaThread "http-nio-60101-exec-9" daemon [_thread_blocked, id=92080, stack(0x000000b7c0200000,0x000000b7c0300000)]
  0x000001bec5e82000 JavaThread "http-nio-60101-exec-8" daemon [_thread_blocked, id=95660, stack(0x000000b7c0100000,0x000000b7c0200000)]
  0x000001bec5e85000 JavaThread "http-nio-60101-exec-7" daemon [_thread_blocked, id=95320, stack(0x000000b7c0000000,0x000000b7c0100000)]
  0x000001bec5e85800 JavaThread "http-nio-60101-exec-6" daemon [_thread_blocked, id=61976, stack(0x000000b7bff00000,0x000000b7c0000000)]
  0x000001bec5e88800 JavaThread "http-nio-60101-exec-5" daemon [_thread_blocked, id=76324, stack(0x000000b7bfe00000,0x000000b7bff00000)]
  0x000001bec5e86800 JavaThread "http-nio-60101-exec-4" daemon [_thread_blocked, id=57708, stack(0x000000b7bfd00000,0x000000b7bfe00000)]
  0x000001bec5e88000 JavaThread "http-nio-60101-exec-3" daemon [_thread_blocked, id=91496, stack(0x000000b7bfc00000,0x000000b7bfd00000)]
  0x000001bec5e7a800 JavaThread "http-nio-60101-exec-2" daemon [_thread_blocked, id=78724, stack(0x000000b7bfb00000,0x000000b7bfc00000)]
  0x000001bec5e7d800 JavaThread "http-nio-60101-exec-1" daemon [_thread_blocked, id=52904, stack(0x000000b7bfa00000,0x000000b7bfb00000)]
  0x000001bec5e7c000 JavaThread "http-nio-60101-BlockPoller" daemon [_thread_in_native, id=93228, stack(0x000000b7bf900000,0x000000b7bfa00000)]
  0x000001bec5e81000 JavaThread "DiscoveryClient-InstanceInfoReplicator-0" daemon [_thread_blocked, id=95548, stack(0x000000b7bf800000,0x000000b7bf900000)]
  0x000001bec5e7f000 JavaThread "DiscoveryClient-1" daemon [_thread_blocked, id=79256, stack(0x000000b7bf700000,0x000000b7bf800000)]
  0x000001bec5e7c800 JavaThread "DiscoveryClient-0" daemon [_thread_blocked, id=68716, stack(0x000000b7bf600000,0x000000b7bf700000)]
  0x000001bec5e7e000 JavaThread "AsyncResolver-bootstrap-0" daemon [_thread_blocked, id=49692, stack(0x000000b7bf400000,0x000000b7bf500000)]
  0x000001bec5e80800 JavaThread "Apache-HttpClient-Conn-Cleaner2" daemon [_thread_blocked, id=72748, stack(0x000000b7bf300000,0x000000b7bf400000)]
  0x000001bec29b7000 JavaThread "container-0" [_thread_blocked, id=90060, stack(0x000000b7be400000,0x000000b7be500000)]
  0x000001bec2828800 JavaThread "Catalina-utility-2" [_thread_blocked, id=96940, stack(0x000000b7be300000,0x000000b7be400000)]
  0x000001bec2827800 JavaThread "Catalina-utility-1" [_thread_blocked, id=89140, stack(0x000000b7be200000,0x000000b7be300000)]
  0x000001bec5542800 JavaThread "Abandoned connection cleanup thread" daemon [_thread_blocked, id=62756, stack(0x000000b7bdf00000,0x000000b7be000000)]
  0x000001bec394e800 JavaThread "RMI Scheduler(0)" daemon [_thread_blocked, id=85868, stack(0x000000b7bde00000,0x000000b7bdf00000)]
  0x000001bec3381800 JavaThread "RMI TCP Connection(idle)" daemon [_thread_blocked, id=92120, stack(0x000000b7bdd00000,0x000000b7bde00000)]
  0x000001bec33e5800 JavaThread "RMI TCP Accept-0" daemon [_thread_in_native, id=70640, stack(0x000000b7bda00000,0x000000b7bdb00000)]
  0x000001bec2a8a800 JavaThread "Service Thread" daemon [_thread_blocked, id=93216, stack(0x000000b7bd900000,0x000000b7bda00000)]
  0x000001bec29be000 JavaThread "C1 CompilerThread11" daemon [_thread_blocked, id=94252, stack(0x000000b7bd800000,0x000000b7bd900000)]
  0x000001bec29bc800 JavaThread "C1 CompilerThread10" daemon [_thread_blocked, id=93516, stack(0x000000b7bd700000,0x000000b7bd800000)]
  0x000001bec29bb000 JavaThread "C1 CompilerThread9" daemon [_thread_blocked, id=52808, stack(0x000000b7bd600000,0x000000b7bd700000)]
  0x000001bec29bd000 JavaThread "C1 CompilerThread8" daemon [_thread_blocked, id=59752, stack(0x000000b7bd500000,0x000000b7bd600000)]
  0x000001bec29b8000 JavaThread "C2 CompilerThread7" daemon [_thread_blocked, id=57476, stack(0x000000b7bd400000,0x000000b7bd500000)]
  0x000001bec29ba000 JavaThread "C2 CompilerThread6" daemon [_thread_blocked, id=59132, stack(0x000000b7bd300000,0x000000b7bd400000)]
  0x000001bec29bb800 JavaThread "C2 CompilerThread5" daemon [_thread_blocked, id=93284, stack(0x000000b7bd200000,0x000000b7bd300000)]
  0x000001bec29b9800 JavaThread "C2 CompilerThread4" daemon [_thread_blocked, id=60884, stack(0x000000b7bd100000,0x000000b7bd200000)]
  0x000001bec29ac000 JavaThread "C2 CompilerThread3" daemon [_thread_blocked, id=87472, stack(0x000000b7bd000000,0x000000b7bd100000)]
  0x000001bec29ab000 JavaThread "C2 CompilerThread2" daemon [_thread_blocked, id=93440, stack(0x000000b7bcf00000,0x000000b7bd000000)]
  0x000001bec29a2800 JavaThread "C2 CompilerThread1" daemon [_thread_blocked, id=86660, stack(0x000000b7bce00000,0x000000b7bcf00000)]
  0x000001bec29a1800 JavaThread "C2 CompilerThread0" daemon [_thread_blocked, id=54428, stack(0x000000b7bcd00000,0x000000b7bce00000)]
  0x000001bec118d800 JavaThread "JDWP Event Helper Thread" daemon [_thread_blocked, id=47872, stack(0x000000b7bcb00000,0x000000b7bcc00000)]
  0x000001bec1172000 JavaThread "Attach Listener" daemon [_thread_blocked, id=84476, stack(0x000000b7bc900000,0x000000b7bca00000)]
  0x000001bec1171000 JavaThread "Signal Dispatcher" daemon [_thread_blocked, id=87068, stack(0x000000b7bc800000,0x000000b7bc900000)]
  0x000001bebf4ca800 JavaThread "Finalizer" daemon [_thread_blocked, id=92384, stack(0x000000b7bc700000,0x000000b7bc800000)]
  0x000001bec1103000 JavaThread "Reference Handler" daemon [_thread_blocked, id=12268, stack(0x000000b7bc600000,0x000000b7bc700000)]
=>0x000001be886aa000 JavaThread "main" [_thread_in_native, id=11684, stack(0x000000b7bb700000,0x000000b7bb800000)]

Other Threads:
  0x000001bebf4b9000 VMThread [stack: 0x000000b7bc500000,0x000000b7bc600000] [id=50924]
  0x000001bec33fb000 WatcherThread [stack: 0x000000b7bdb00000,0x000000b7bdc00000] [id=18156]

VM state:not at safepoint (normal execution)

VM Mutex/Monitor currently owned by a thread: None

heap address: 0x00000003c4600000, size: 16314 MB, Compressed Oops mode: Zero based, Oop shift amount: 3
Narrow klass base: 0x0000000000000000, Narrow klass shift: 3
Compressed class space size: 1073741824 Address: 0x00000007c0000000

Heap:
 PSYoungGen      total 707072K, used 79317K [0x000000066c200000, 0x000000069b180000, 0x00000007c0000000)
  eden space 690176K, 11% used [0x000000066c200000,0x0000000670f755d8,0x0000000696400000)
  from space 16896K, 0% used [0x000000069a100000,0x000000069a100000,0x000000069b180000)
  to   space 27648K, 0% used [0x0000000697b80000,0x0000000697b80000,0x0000000699680000)
 ParOldGen       total 548864K, used 28917K [0x00000003c4600000, 0x00000003e5e00000, 0x000000066c200000)
  object space 548864K, 5% used [0x00000003c4600000,0x00000003c623d538,0x00000003e5e00000)
 Metaspace       used 57487K, capacity 60776K, committed 61056K, reserved 1101824K
  class space    used 7895K, capacity 8459K, committed 8576K, reserved 1048576K

Card table byte_map: [0x000001be993f0000,0x000001be9b3d0000] byte_map_base: 0x000001be975cd000

Marking Bits: (ParMarkBitMap*) 0x0000000075734fb0
 Begin Bits: [0x000001be9c910000, 0x000001beac7f8000)
 End Bits:   [0x000001beac7f8000, 0x000001bebc6e0000)

Polling page: 0x000001be887e0000

CodeCache: size=245760Kb used=14265Kb max_used=14265Kb free=231494Kb
 bounds [0x000001be8a030000, 0x000001be8ae30000, 0x000001be99030000]
 total_blobs=6921 nmethods=6341 adapters=496
 compilation: enabled

Compilation events (10 events):
Event: 234.743 Thread 0x000001bec29bb000 nmethod 6456 0x000001be8ae0f250 code [0x000001be8ae0f3c0, 0x000001be8ae0f5f0]
Event: 234.743 Thread 0x000001bec29bb000 6458       1       com.sun.jmx.interceptor.DefaultMBeanServerInterceptor::sendNotification (76 bytes)
Event: 234.743 Thread 0x000001bec29bd000 nmethod 6453 0x000001be8ae0f710 code [0x000001be8ae0f920, 0x000001be8ae10030]
Event: 234.743 Thread 0x000001bec29bd000 6459       1       javax.management.MBeanServerNotification::<init> (14 bytes)
Event: 234.743 Thread 0x000001bec29bd000 nmethod 6459 0x000001be8ae10690 code [0x000001be8ae107e0, 0x000001be8ae10970]
Event: 234.743 Thread 0x000001bec29bd000 6460   !   1       javax.management.MBeanServerDelegate::sendNotification (47 bytes)
Event: 234.743 Thread 0x000001bec29be000 6461       1       javax.management.Notification::getSequenceNumber (5 bytes)
Event: 234.743 Thread 0x000001bec29be000 nmethod 6461 0x000001be8ae10a10 code [0x000001be8ae10b60, 0x000001be8ae10c78]
Event: 234.743 Thread 0x000001bec29bd000 nmethod 6460 0x000001be8ae10cd0 code [0x000001be8ae10e40, 0x000001be8ae11170]
Event: 234.744 Thread 0x000001bec29bb000 nmethod 6458 0x000001be8ae112d0 code [0x000001be8ae114c0, 0x000001be8ae11a70]

GC Heap History (10 events):
Event: 7.126 GC heap before
{Heap before GC invocations=5 (full 1):
 PSYoungGen      total 304640K, used 229878K [0x000000066c200000, 0x000000068e600000, 0x00000007c0000000)
  eden space 261120K, 82% used [0x000000066c200000,0x000000067939bf78,0x000000067c100000)
  from space 43520K, 35% used [0x000000067c100000,0x000000067cfe1a90,0x000000067eb80000)
  to   space 43520K, 0% used [0x000000068bb80000,0x000000068bb80000,0x000000068e600000)
 ParOldGen       total 303616K, used 6206K [0x00000003c4600000, 0x00000003d6e80000, 0x000000066c200000)
  object space 303616K, 2% used [0x00000003c4600000,0x00000003c4c0fa70,0x00000003d6e80000)
 Metaspace       used 33590K, capacity 35386K, committed 35456K, reserved 1079296K
  class space    used 4556K, capacity 4923K, committed 4992K, reserved 1048576K
Event: 7.135 GC heap after
Heap after GC invocations=5 (full 1):
 PSYoungGen      total 504320K, used 17558K [0x000000066c200000, 0x000000068df80000, 0x00000007c0000000)
  eden space 467456K, 0% used [0x000000066c200000,0x000000066c200000,0x0000000688a80000)
  from space 36864K, 47% used [0x000000068bb80000,0x000000068cca5960,0x000000068df80000)
  to   space 43520K, 0% used [0x0000000688a80000,0x0000000688a80000,0x000000068b500000)
 ParOldGen       total 303616K, used 6214K [0x00000003c4600000, 0x00000003d6e80000, 0x000000066c200000)
  object space 303616K, 2% used [0x00000003c4600000,0x00000003c4c11a70,0x00000003d6e80000)
 Metaspace       used 33590K, capacity 35386K, committed 35456K, reserved 1079296K
  class space    used 4556K, capacity 4923K, committed 4992K, reserved 1048576K
}
Event: 7.135 GC heap before
{Heap before GC invocations=6 (full 2):
 PSYoungGen      total 504320K, used 17558K [0x000000066c200000, 0x000000068df80000, 0x00000007c0000000)
  eden space 467456K, 0% used [0x000000066c200000,0x000000066c200000,0x0000000688a80000)
  from space 36864K, 47% used [0x000000068bb80000,0x000000068cca5960,0x000000068df80000)
  to   space 43520K, 0% used [0x0000000688a80000,0x0000000688a80000,0x000000068b500000)
 ParOldGen       total 303616K, used 6214K [0x00000003c4600000, 0x00000003d6e80000, 0x000000066c200000)
  object space 303616K, 2% used [0x00000003c4600000,0x00000003c4c11a70,0x00000003d6e80000)
 Metaspace       used 33590K, capacity 35386K, committed 35456K, reserved 1079296K
  class space    used 4556K, capacity 4923K, committed 4992K, reserved 1048576K
Event: 7.191 GC heap after
Heap after GC invocations=6 (full 2):
 PSYoungGen      total 504320K, used 0K [0x000000066c200000, 0x000000068df80000, 0x00000007c0000000)
  eden space 467456K, 0% used [0x000000066c200000,0x000000066c200000,0x0000000688a80000)
  from space 36864K, 0% used [0x000000068bb80000,0x000000068bb80000,0x000000068df80000)
  to   space 43520K, 0% used [0x0000000688a80000,0x0000000688a80000,0x000000068b500000)
 ParOldGen       total 434176K, used 22062K [0x00000003c4600000, 0x00000003dee00000, 0x000000066c200000)
  object space 434176K, 5% used [0x00000003c4600000,0x00000003c5b8b948,0x00000003dee00000)
 Metaspace       used 33590K, capacity 35386K, committed 35456K, reserved 1079296K
  class space    used 4556K, capacity 4923K, committed 4992K, reserved 1048576K
}
Event: 44.421 GC heap before
{Heap before GC invocations=7 (full 2):
 PSYoungGen      total 504320K, used 467456K [0x000000066c200000, 0x000000068df80000, 0x00000007c0000000)
  eden space 467456K, 100% used [0x000000066c200000,0x0000000688a80000,0x0000000688a80000)
  from space 36864K, 0% used [0x000000068bb80000,0x000000068bb80000,0x000000068df80000)
  to   space 43520K, 0% used [0x0000000688a80000,0x0000000688a80000,0x000000068b500000)
 ParOldGen       total 434176K, used 22062K [0x00000003c4600000, 0x00000003dee00000, 0x000000066c200000)
  object space 434176K, 5% used [0x00000003c4600000,0x00000003c5b8bba0,0x00000003dee00000)
 Metaspace       used 53177K, capacity 56282K, committed 56320K, reserved 1097728K
  class space    used 7379K, capacity 7918K, committed 7936K, reserved 1048576K
Event: 44.439 GC heap after
Heap after GC invocations=7 (full 2):
 PSYoungGen      total 510976K, used 26608K [0x000000066c200000, 0x000000069bd80000, 0x00000007c0000000)
  eden space 467456K, 0% used [0x000000066c200000,0x000000066c200000,0x0000000688a80000)
  from space 43520K, 61% used [0x0000000688a80000,0x000000068a47c058,0x000000068b500000)
  to   space 29184K, 0% used [0x000000069a100000,0x000000069a100000,0x000000069bd80000)
 ParOldGen       total 434176K, used 22078K [0x00000003c4600000, 0x00000003dee00000, 0x000000066c200000)
  object space 434176K, 5% used [0x00000003c4600000,0x00000003c5b8fba0,0x00000003dee00000)
 Metaspace       used 53177K, capacity 56282K, committed 56320K, reserved 1097728K
  class space    used 7379K, capacity 7918K, committed 7936K, reserved 1048576K
}
Event: 125.491 GC heap before
{Heap before GC invocations=8 (full 2):
 PSYoungGen      total 510976K, used 115625K [0x000000066c200000, 0x000000069bd80000, 0x00000007c0000000)
  eden space 467456K, 19% used [0x000000066c200000,0x00000006718ee4c0,0x0000000688a80000)
  from space 43520K, 61% used [0x0000000688a80000,0x000000068a47c058,0x000000068b500000)
  to   space 29184K, 0% used [0x000000069a100000,0x000000069a100000,0x000000069bd80000)
 ParOldGen       total 434176K, used 22078K [0x00000003c4600000, 0x00000003dee00000, 0x000000066c200000)
  object space 434176K, 5% used [0x00000003c4600000,0x00000003c5b8fba0,0x00000003dee00000)
 Metaspace       used 55793K, capacity 58996K, committed 59096K, reserved 1099776K
  class space    used 7692K, capacity 8257K, committed 8320K, reserved 1048576K
Event: 125.499 GC heap after
Heap after GC invocations=8 (full 2):
 PSYoungGen      total 707072K, used 16445K [0x000000066c200000, 0x000000069b180000, 0x00000007c0000000)
  eden space 690176K, 0% used [0x000000066c200000,0x000000066c200000,0x0000000696400000)
  from space 16896K, 97% used [0x000000069a100000,0x000000069b10f660,0x000000069b180000)
  to   space 27648K, 0% used [0x0000000697b80000,0x0000000697b80000,0x0000000699680000)
 ParOldGen       total 434176K, used 22086K [0x00000003c4600000, 0x00000003dee00000, 0x000000066c200000)
  object space 434176K, 5% used [0x00000003c4600000,0x00000003c5b91ba0,0x00000003dee00000)
 Metaspace       used 55793K, capacity 58996K, committed 59096K, reserved 1099776K
  class space    used 7692K, capacity 8257K, committed 8320K, reserved 1048576K
}
Event: 125.499 GC heap before
{Heap before GC invocations=9 (full 3):
 PSYoungGen      total 707072K, used 16445K [0x000000066c200000, 0x000000069b180000, 0x00000007c0000000)
  eden space 690176K, 0% used [0x000000066c200000,0x000000066c200000,0x0000000696400000)
  from space 16896K, 97% used [0x000000069a100000,0x000000069b10f660,0x000000069b180000)
  to   space 27648K, 0% used [0x0000000697b80000,0x0000000697b80000,0x0000000699680000)
 ParOldGen       total 434176K, used 22086K [0x00000003c4600000, 0x00000003dee00000, 0x000000066c200000)
  object space 434176K, 5% used [0x00000003c4600000,0x00000003c5b91ba0,0x00000003dee00000)
 Metaspace       used 55793K, capacity 58996K, committed 59096K, reserved 1099776K
  class space    used 7692K, capacity 8257K, committed 8320K, reserved 1048576K
Event: 125.619 GC heap after
Heap after GC invocations=9 (full 3):
 PSYoungGen      total 707072K, used 0K [0x000000066c200000, 0x000000069b180000, 0x00000007c0000000)
  eden space 690176K, 0% used [0x000000066c200000,0x000000066c200000,0x0000000696400000)
  from space 16896K, 0% used [0x000000069a100000,0x000000069a100000,0x000000069b180000)
  to   space 27648K, 0% used [0x0000000697b80000,0x0000000697b80000,0x0000000699680000)
 ParOldGen       total 548864K, used 28917K [0x00000003c4600000, 0x00000003e5e00000, 0x000000066c200000)
  object space 548864K, 5% used [0x00000003c4600000,0x00000003c623d538,0x00000003e5e00000)
 Metaspace       used 55781K, capacity 58972K, committed 59096K, reserved 1099776K
  class space    used 7688K, capacity 8251K, committed 8320K, reserved 1048576K
}

Deoptimization events (0 events):
No events

Classes redefined (0 events):
No events

Internal exceptions (10 events):
Event: 125.273 Thread 0x000001bec3381800 Exception <a 'java/lang/ArrayIndexOutOfBoundsException'> (0x0000000670e2e6b0) thrown at [C:\jenkins\workspace\8-2-build-windows-amd64-cygwin\jdk8u261\295\hotspot\src\share\vm\runtime\sharedRuntime.cpp, line 605]
Event: 125.733 Thread 0x000001be886aa000 Exception <a 'java/lang/reflect/InvocationTargetException'> (0x000000066cc91200) thrown at [C:\jenkins\workspace\8-2-build-windows-amd64-cygwin\jdk8u261\295\hotspot\src\share\vm\runtime\reflection.cpp, line 1092]
Event: 125.740 Thread 0x000001be886aa000 Exception <a 'java/lang/reflect/InvocationTargetException'> (0x000000066ccd62a8) thrown at [C:\jenkins\workspace\8-2-build-windows-amd64-cygwin\jdk8u261\295\hotspot\src\share\vm\runtime\reflection.cpp, line 1092]
Event: 125.877 Thread 0x000001be886aa000 Exception <a 'java/lang/ClassNotFoundException': java/lang/ObjectCustomizer> (0x000000066d07e068) thrown at [C:\jenkins\workspace\8-2-build-windows-amd64-cygwin\jdk8u261\295\hotspot\src\share\vm\classfile\systemDictionary.cpp, line 210]
Event: 125.878 Thread 0x000001be886aa000 Exception <a 'java/lang/ArrayIndexOutOfBoundsException': 22> (0x000000066d0811c8) thrown at [C:\jenkins\workspace\8-2-build-windows-amd64-cygwin\jdk8u261\295\hotspot\src\share\vm\interpreter\interpreterRuntime.cpp, line 368]
Event: 125.881 Thread 0x000001be886aa000 Exception <a 'java/lang/ClassNotFoundException': org/springframework/jdbc/support/SQLErrorCodesCustomizer> (0x000000066d0ad9b0) thrown at [C:\jenkins\workspace\8-2-build-windows-amd64-cygwin\jdk8u261\295\hotspot\src\share\vm\classfile\systemDictionary.cpp
Event: 125.882 Thread 0x000001be886aa000 Exception <a 'java/lang/ArrayIndexOutOfBoundsException': 80> (0x000000066d0b3c28) thrown at [C:\jenkins\workspace\8-2-build-windows-amd64-cygwin\jdk8u261\295\hotspot\src\share\vm\interpreter\interpreterRuntime.cpp, line 368]
Event: 234.709 Thread 0x000001bec5916000 Exception <a 'java/net/SocketTimeoutException': Read timed out> (0x000000066e7acc08) thrown at [C:\jenkins\workspace\8-2-build-windows-amd64-cygwin\jdk8u261\295\hotspot\src\share\vm\prims\jni.cpp, line 737]
Event: 234.711 Thread 0x000001be886aa000 Exception <a 'java/io/FileNotFoundException'> (0x000000066d3ad4b0) thrown at [C:\jenkins\workspace\8-2-build-windows-amd64-cygwin\jdk8u261\295\hotspot\src\share\vm\prims\jni.cpp, line 710]
Event: 234.739 Thread 0x000001bec5e81000 Exception <a 'java/net/SocketTimeoutException': Read timed out> (0x000000066e210100) thrown at [C:\jenkins\workspace\8-2-build-windows-amd64-cygwin\jdk8u261\295\hotspot\src\share\vm\prims\jni.cpp, line 737]

Events (10 events):
Event: 234.743 loading class com/netflix/config/jmx/ConfigMBean
Event: 234.743 loading class com/netflix/config/jmx/ConfigMBean done
Event: 234.743 Thread 0x000001bec5910000 DEOPT PACKING pc=0x000001be8a41b551 sp=0x000000b7bdcfd360
Event: 234.743 Thread 0x000001bec5910000 DEOPT UNPACKING pc=0x000001be8a077898 sp=0x000000b7bdcfd0b0 mode 1
Event: 234.743 Thread 0x000001bec5910000 DEOPT PACKING pc=0x000001be8ac37114 sp=0x000000b7bdcfd3e0
Event: 234.743 Thread 0x000001bec5910000 DEOPT UNPACKING pc=0x000001be8a077898 sp=0x000000b7bdcfd200 mode 1
Event: 234.743 Thread 0x000001bec5910000 DEOPT PACKING pc=0x000001be8ac37054 sp=0x000000b7bdcfd570
Event: 234.743 Thread 0x000001bec5910000 DEOPT UNPACKING pc=0x000001be8a077898 sp=0x000000b7bdcfd390 mode 1
Event: 234.744 loading class sun/reflect/UnsafeQualifiedStaticBooleanFieldAccessorImpl
Event: 234.744 loading class sun/reflect/UnsafeQualifiedStaticBooleanFieldAccessorImpl done


Dynamic libraries:
0x00007ff7d61e0000 - 0x00007ff7d6227000 	C:\Program Files\Java\jdk1.8.0_261\bin\java.exe
0x00007ffd6bb70000 - 0x00007ffd6bd65000 	C:\Windows\SYSTEM32\ntdll.dll
0x00007ffd69bd0000 - 0x00007ffd69c8d000 	C:\Windows\System32\KERNEL32.DLL
0x00007ffd69310000 - 0x00007ffd695d7000 	C:\Windows\System32\KERNELBASE.dll
0x00007ffd66760000 - 0x00007ffd667f0000 	C:\Windows\SYSTEM32\apphelp.dll
0x00007ffd49880000 - 0x00007ffd498e1000 	C:\Windows\SYSTEM32\AcGenral.DLL
0x00007ffd69c90000 - 0x00007ffd69d2e000 	C:\Windows\System32\msvcrt.dll
0x00007ffd6a6e0000 - 0x00007ffd6a77b000 	C:\Windows\System32\sechost.dll
0x00007ffd6ac20000 - 0x00007ffd6ad44000 	C:\Windows\System32\RPCRT4.dll
0x00007ffd6ad50000 - 0x00007ffd6ada5000 	C:\Windows\System32\SHLWAPI.dll
0x00007ffd6b8c0000 - 0x00007ffd6ba60000 	C:\Windows\System32\USER32.dll
0x00007ffd69850000 - 0x00007ffd69872000 	C:\Windows\System32\win32u.dll
0x00007ffd6a4e0000 - 0x00007ffd6a50a000 	C:\Windows\System32\GDI32.dll
0x00007ffd69880000 - 0x00007ffd69989000 	C:\Windows\System32\gdi32full.dll
0x00007ffd697b0000 - 0x00007ffd6984d000 	C:\Windows\System32\msvcp_win.dll
0x00007ffd69630000 - 0x00007ffd69730000 	C:\Windows\System32\ucrtbase.dll
0x00007ffd6a790000 - 0x00007ffd6a8b9000 	C:\Windows\System32\ole32.dll
0x00007ffd6af70000 - 0x00007ffd6b2c5000 	C:\Windows\System32\combase.dll
0x00007ffd69d30000 - 0x00007ffd6a471000 	C:\Windows\System32\SHELL32.dll
0x00007ffd6ae10000 - 0x00007ffd6aeba000 	C:\Windows\System32\ADVAPI32.dll
0x00007ffd691a0000 - 0x00007ffd691ce000 	C:\Windows\SYSTEM32\USERENV.dll
0x00007ffd38950000 - 0x00007ffd3896d000 	C:\Windows\SYSTEM32\MPR.dll
0x00007ffd69160000 - 0x00007ffd6919c000 	C:\Windows\SYSTEM32\SspiCli.dll
0x00007ffd6abf0000 - 0x00007ffd6ac20000 	C:\Windows\System32\IMM32.DLL
0x00007ffd4e700000 - 0x00007ffd4e99b000 	C:\Windows\WinSxS\amd64_microsoft.windows.common-controls_6595b64144ccf1df_6.0.19041.488_none_ca04af081b815d21\COMCTL32.dll
0x00007ffd4e390000 - 0x00007ffd4e3a5000 	C:\Program Files\Java\jdk1.8.0_261\jre\bin\vcruntime140.dll
0x00007ffd2d230000 - 0x00007ffd2d2cb000 	C:\Program Files\Java\jdk1.8.0_261\jre\bin\msvcp140.dll
0x0000000074f40000 - 0x00000000757ac000 	C:\Program Files\Java\jdk1.8.0_261\jre\bin\server\jvm.dll
0x00007ffd6a780000 - 0x00007ffd6a788000 	C:\Windows\System32\PSAPI.DLL
0x00007ffd4eb50000 - 0x00007ffd4eb77000 	C:\Windows\SYSTEM32\WINMM.dll
0x00007ffd61b20000 - 0x00007ffd61b2a000 	C:\Windows\SYSTEM32\VERSION.dll
0x00007ffd42b10000 - 0x00007ffd42b19000 	C:\Windows\SYSTEM32\WSOCK32.dll
0x00007ffd6b850000 - 0x00007ffd6b8bb000 	C:\Windows\System32\WS2_32.dll
0x00007ffd67280000 - 0x00007ffd67293000 	C:\Windows\SYSTEM32\kernel.appcore.dll
0x00007ffd539e0000 - 0x00007ffd539f0000 	C:\Program Files\Java\jdk1.8.0_261\jre\bin\verify.dll
0x00007ffd4e320000 - 0x00007ffd4e34b000 	C:\Program Files\Java\jdk1.8.0_261\jre\bin\java.dll
0x00007ffd53610000 - 0x00007ffd53646000 	C:\Program Files\Java\jdk1.8.0_261\jre\bin\jdwp.dll
0x00007ffd64340000 - 0x00007ffd64349000 	C:\Program Files\Java\jdk1.8.0_261\jre\bin\npt.dll
0x00007ffd4cda0000 - 0x00007ffd4cdd2000 	C:\Program Files\Java\jdk1.8.0_261\jre\bin\instrument.dll
0x00007ffd4e370000 - 0x00007ffd4e388000 	C:\Program Files\Java\jdk1.8.0_261\jre\bin\zip.dll
0x00007ffd67410000 - 0x00007ffd67ba3000 	C:\Windows\SYSTEM32\windows.storage.dll
0x00007ffd68d20000 - 0x00007ffd68d4c000 	C:\Windows\SYSTEM32\Wldp.dll
0x00007ffd6a510000 - 0x00007ffd6a5be000 	C:\Windows\System32\SHCORE.dll
0x00007ffd691e0000 - 0x00007ffd69206000 	C:\Windows\SYSTEM32\profapi.dll
0x00007ffd61390000 - 0x00007ffd6139a000 	C:\Program Files\Java\jdk1.8.0_261\jre\bin\dt_socket.dll
0x00007ffd68aa0000 - 0x00007ffd68b0a000 	C:\Windows\system32\mswsock.dll
0x00007ffd4d630000 - 0x00007ffd4d64c000 	C:\Program Files\Java\jdk1.8.0_261\jre\bin\net.dll
0x00007ffd68780000 - 0x00007ffd6884b000 	C:\Windows\SYSTEM32\DNSAPI.dll
0x00007ffd68740000 - 0x00007ffd6877b000 	C:\Windows\SYSTEM32\IPHLPAPI.DLL
0x00007ffd6b740000 - 0x00007ffd6b749000 	C:\Windows\System32\NSI.dll
0x0000000077370000 - 0x0000000077396000 	C:\Program Files\Bonjour\mdnsNSP.dll
0x00007ffd62790000 - 0x00007ffd6279a000 	C:\Windows\System32\rasadhlp.dll
0x00007ffd5fb80000 - 0x00007ffd5fbff000 	C:\Windows\System32\fwpuclnt.dll
0x00007ffd69990000 - 0x00007ffd699b7000 	C:\Windows\System32\bcrypt.dll
0x00007ffd522c0000 - 0x00007ffd522cd000 	C:\Program Files\Java\jdk1.8.0_261\jre\bin\management.dll
0x00007ffd4d370000 - 0x00007ffd4d383000 	C:\Program Files\Java\jdk1.8.0_261\jre\bin\nio.dll
0x00007ffd68c70000 - 0x00007ffd68c88000 	C:\Windows\SYSTEM32\CRYPTSP.dll
0x00007ffd683c0000 - 0x00007ffd683f4000 	C:\Windows\system32\rsaenh.dll
0x00007ffd69730000 - 0x00007ffd697af000 	C:\Windows\System32\bcryptprimitives.dll
0x00007ffd68c90000 - 0x00007ffd68c9c000 	C:\Windows\SYSTEM32\CRYPTBASE.dll
0x00007ffd62bd0000 - 0x00007ffd62be7000 	C:\Windows\SYSTEM32\dhcpcsvc6.DLL
0x00007ffd62bb0000 - 0x00007ffd62bcd000 	C:\Windows\SYSTEM32\dhcpcsvc.DLL
0x00007ffd3f410000 - 0x00007ffd3f427000 	C:\Windows\system32\napinsp.dll
0x00007ffd3ead0000 - 0x00007ffd3eaeb000 	C:\Windows\system32\pnrpnsp.dll
0x00007ffd64270000 - 0x00007ffd64285000 	C:\Windows\system32\wshbth.dll
0x00007ffd64290000 - 0x00007ffd642ad000 	C:\Windows\system32\NLAapi.dll
0x00007ffd3eab0000 - 0x00007ffd3eac2000 	C:\Windows\System32\winrnr.dll
0x00007ffd2cac0000 - 0x00007ffd2cbbb000 	E:\smartSite\hklib\HCNetSDK.DLL
0x000001bec6c10000 - 0x000001bec7398000 	E:\smartSite\hklib\HCCore.dll
0x00007ffcdeed0000 - 0x00007ffcdf072000 	E:\smartSite\sclib\bin\libFaceRecognitionSDK_x64.DLL
0x00007ffd03870000 - 0x00007ffd03967000 	E:\smartSite\sclib\bin\VzStreamClient.dll
0x00007ffd4c2b0000 - 0x00007ffd4c30a000 	E:\smartSite\sclib\bin\libcurl.dll
0x00007ffc3d8a0000 - 0x00007ffc40408000 	E:\smartSite\sclib\bin\opencv_world310.dll
0x00007ffd48e70000 - 0x00007ffd48e91000 	C:\Windows\SYSTEM32\AVIFIL32.dll
0x00007ffcda0d0000 - 0x00007ffcda30a000 	E:\smartSite\sclib\bin\vzFaceDetLib.dll
0x00007ffd6adb0000 - 0x00007ffd6ae06000 	C:\Windows\System32\WLDAP32.dll
0x00007ffd6ba60000 - 0x00007ffd6bb2d000 	C:\Windows\System32\OLEAUT32.dll
0x00007ffd6b770000 - 0x00007ffd6b84a000 	C:\Windows\System32\COMDLG32.dll
0x00007ffd02c60000 - 0x00007ffd02d4f000 	E:\smartSite\sclib\bin\MSVCR120.dll
0x00007ffd10cc0000 - 0x00007ffd10d66000 	E:\smartSite\sclib\bin\MSVCP120.dll
0x00007ffd48e40000 - 0x00007ffd48e61000 	E:\smartSite\sclib\bin\VzAudioDataPlayer.dll
0x00007ffcdbf70000 - 0x00007ffcdc0b2000 	E:\smartSite\sclib\bin\VzPlayer2.dll
0x00007ffd4d600000 - 0x00007ffd4d61e000 	C:\Windows\SYSTEM32\MSACM32.dll
0x00007ffd48e10000 - 0x00007ffd48e3b000 	C:\Windows\SYSTEM32\MSVFW32.dll
0x00007ffc27fd0000 - 0x00007ffc2a01b000 	E:\smartSite\sclib\bin\opencv_world300.dll
0x00007ffd48db0000 - 0x00007ffd48ddb000 	E:\smartSite\sclib\bin\libglog.dll
0x000000006d7c0000 - 0x000000006f99b000 	E:\smartSite\sclib\bin\libopenblas.dll
0x00007ffd484e0000 - 0x00007ffd484f9000 	C:\Windows\SYSTEM32\AVICAP32.dll
0x00007ffd04f30000 - 0x00007ffd04fcc000 	C:\Windows\SYSTEM32\DSOUND.dll
0x00007ffd484b0000 - 0x00007ffd484d6000 	E:\smartSite\sclib\bin\VzDrawsLib.dll
0x00007ffd4bdb0000 - 0x00007ffd4bdd6000 	C:\Windows\SYSTEM32\winmmbase.dll
0x00007ffcd9960000 - 0x00007ffcd9c17000 	E:\smartSite\sclib\bin\avcodec-57.dll
0x00007ffd3dc50000 - 0x00007ffd3dca2000 	E:\smartSite\sclib\bin\avformat-57.dll
0x00007ffd04560000 - 0x00007ffd04604000 	E:\smartSite\sclib\bin\avutil-55.dll
0x0000000061440000 - 0x000000006145c000 	E:\smartSite\sclib\bin\libgcc_s_seh-1.dll
0x00007ffd48030000 - 0x00007ffd48053000 	E:\smartSite\sclib\bin\libgflags.dll
0x00007ffd68860000 - 0x00007ffd688ab000 	C:\Windows\SYSTEM32\powrprof.dll
0x0000000074dc0000 - 0x0000000074e52000 	E:\smartSite\sclib\bin\swscale-3.dll
0x00007ffd162a0000 - 0x00007ffd1639b000 	C:\Windows\SYSTEM32\DDRAW.dll
0x0000000074d30000 - 0x0000000074dba000 	E:\smartSite\sclib\bin\avutil-54.dll
0x0000000064940000 - 0x000000006495c000 	E:\smartSite\sclib\bin\libwinpthread-1.dll
0x00007ffd67c10000 - 0x00007ffd67d03000 	C:\Windows\SYSTEM32\dxgi.dll
0x00007ffd24930000 - 0x00007ffd24938000 	C:\Windows\SYSTEM32\DCIMAN32.dll
0x00000000004e0000 - 0x0000000000621000 	E:\smartSite\sclib\bin\libgfortran-3.dll
0x000000006cf00000 - 0x000000006cf58000 	E:\smartSite\sclib\bin\libquadmath-0.dll
0x00007ffd68720000 - 0x00007ffd68732000 	C:\Windows\SYSTEM32\UMPDC.dll
0x00007ffd47cd0000 - 0x00007ffd47cf4000 	C:\Program Files\Java\jdk1.8.0_261\jre\bin\sunec.dll
0x00007ffd14b50000 - 0x00007ffd14ce4000 	C:\Program Files\Java\jdk1.8.0_261\jre\bin\awt.dll
0x00007ffd537c0000 - 0x00007ffd537f2000 	C:\Program Files\Java\jdk1.8.0_261\jre\bin\jpeg.dll
0x00007ffd66ee0000 - 0x00007ffd670c4000 	C:\Windows\SYSTEM32\dbghelp.dll

VM Arguments:
jvm_args: -agentlib:jdwp=transport=dt_socket,address=127.0.0.1:54265,suspend=y,server=n -XX:TieredStopAtLevel=1 -Xverify:none -Dspring.output.ansi.enabled=always -Dcom.sun.management.jmxremote -Dspring.jmx.enabled=true -Dspring.liveBeansView.mbeanDomain -Dspring.application.admin.enabled=true -javaagent:C:\Users\spg_b\AppData\Local\JetBrains\IntelliJIdea2020.1\captureAgent\debugger-agent.jar -Dfile.encoding=UTF-8 
java_command: com.barrett.facedetectservice.FaceDetectServiceApplication
java_class_path (initial): C:\Program Files\Java\jdk1.8.0_261\jre\lib\charsets.jar;C:\Program Files\Java\jdk1.8.0_261\jre\lib\deploy.jar;C:\Program Files\Java\jdk1.8.0_261\jre\lib\ext\access-bridge-64.jar;C:\Program Files\Java\jdk1.8.0_261\jre\lib\ext\cldrdata.jar;C:\Program Files\Java\jdk1.8.0_261\jre\lib\ext\dnsns.jar;C:\Program Files\Java\jdk1.8.0_261\jre\lib\ext\jaccess.jar;C:\Program Files\Java\jdk1.8.0_261\jre\lib\ext\jfxrt.jar;C:\Program Files\Java\jdk1.8.0_261\jre\lib\ext\localedata.jar;C:\Program Files\Java\jdk1.8.0_261\jre\lib\ext\nashorn.jar;C:\Program Files\Java\jdk1.8.0_261\jre\lib\ext\sunec.jar;C:\Program Files\Java\jdk1.8.0_261\jre\lib\ext\sunjce_provider.jar;C:\Program Files\Java\jdk1.8.0_261\jre\lib\ext\sunmscapi.jar;C:\Program Files\Java\jdk1.8.0_261\jre\lib\ext\sunpkcs11.jar;C:\Program Files\Java\jdk1.8.0_261\jre\lib\ext\zipfs.jar;C:\Program Files\Java\jdk1.8.0_261\jre\lib\javaws.jar;C:\Program Files\Java\jdk1.8.0_261\jre\lib\jce.jar;C:\Program Files\Java\jdk1.8.0_261\jre\lib\jfr.jar;C:\Program Files\Java\jdk1.8.0_261\jre\lib\jfxswt.jar;C:\Program Files\Java\jdk1.8.0_261\jre\lib\jsse.jar;C:\Program Files\Java\jdk1.8.0_261\jre\lib\management-agent.jar;C:\Program Files\Java\jdk1.8.0_261\jre\lib\plugin.jar;C:\Program Files\Java\jdk1.8.0_261\jre\lib\resources.jar;C:\Program Files\Java\jdk1.8.0_261\jre\lib\rt.jar;E:\CodingProjects\IdeaProjects\smartsite-master\face-detect-service\target\classes;E:\CodingProjects\IdeaProjects\smartsite-master\face-detect-service\examples.jar;E:\CodingProjects\IdeaProjects\smartsite-master\face-detect-service\jna.jar;C:\Users\spg_b\.m2\repository\org\springframework\cloud\spring-cloud-starter-netflix-eureka-server\2.2.2.RELEASE\spring-cloud-starter-netflix-eureka-server-2.2.2.RELEASE.jar;C:\Users\spg_b\.m2\repository\org\springframework\cloud\spring-cloud-starter\2.2.2.RELEASE\spring-cloud-starter-2.2.2.RELEASE.jar;C:\Users\spg_b\.m2\repository\org\springframework\cloud\spring-cloud-context\2.2.2.RELEASE\spring-cloud-c
Launcher Type: SUN_STANDARD

Environment Variables:
PATH=C:\Program Files\NVIDIA GPU Computing Toolkit\CUDA\v10.1\bin;C:\Program Files\NVIDIA GPU Computing Toolkit\CUDA\v10.1\libnvvp;C:\Program Files\NVIDIA GPU Computing Toolkit\CUDA\v11.0\bin;C:\Program Files\NVIDIA GPU Computing Toolkit\CUDA\v11.0\libnvvp;C:\Program Files (x86)\Common Files\Intel\Shared Libraries\redist\intel64\compiler;C:\Program Files (x86)\Common Files\Oracle\Java\javapath;C:\Windows\system32;C:\Windows;C:\Windows\System32\Wbem;C:\Windows\System32\WindowsPowerShell\v1.0\;C:\Windows\System32\OpenSSH\;C:\Program Files\dotnet\;C:\Program Files\Microsoft SQL Server\130\Tools\Binn\;C:\Program Files\Microsoft SQL Server\Client SDK\ODBC\170\Tools\Binn\;D:\Program Files\nodejs\;C:\ProgramData\chocolatey\bin;C:\Program Files (x86)\NVIDIA Corporation\PhysX\Common;d:\Program Files\Git\cmd;D:\Program Files\TortoiseHg\;C:\Program Files\NVIDIA Corporation\Nsight Compute 2019.1\;D:\Program Files\TortoiseSVN\bin;C:\Program Files\MySQL\MySQL Shell 8.0\bin\;C:\Users\spg_b\AppData\Local\Microsoft\WindowsApps;C:\Users\spg_b\.dotnet\tools;D:\Program Files\Microsoft VS Code\bin;C:\Users\spg_b\AppData\Roaming\npm
USERNAME=spg_b
OS=Windows_NT
PROCESSOR_IDENTIFIER=Intel64 Family 6 Model 165 Stepping 2, GenuineIntel



---------------  S Y S T E M  ---------------

OS: Windows 10.0 , 64 bit Build 19041 (10.0.19041.292)

CPU:total 16 (initial active 16) (8 cores per cpu, 2 threads per core) family 6 model 165 stepping 2, cmov, cx8, fxsr, mmx, sse, sse2, sse3, ssse3, sse4.1, sse4.2, popcnt, avx, avx2, aes, clmul, erms, 3dnowpref, lzcnt, ht, tsc, tscinvbit, bmi1, bmi2, adx

Memory: 4k page, physical 66814660k(36147204k free), swap 95277556k(15648324k free)

vm_info: Java HotSpot(TM) 64-Bit Server VM (25.261-b12) for windows-amd64 JRE (1.8.0_261-b12), built on Jun 18 2020 06:56:32 by "" with unknown MS VC++:1916

time: Fri Oct 16 20:32:50 2020
timezone: 中国标准时间
elapsed time: 234 seconds (0d 0h 3m 54s)

